[15:17:20.391] [INFO ] [main] ConfigService - run program
[15:17:20.393] [INFO ] [main] ConfigService - Initial Board object
[15:18:58.290] [INFO ] [main] ConfigService - run program
[15:18:58.292] [INFO ] [main] ConfigService - Initial Board object
[21:12:42.864] [INFO ] [main] ConfigService - run program
[21:12:42.866] [INFO ] [main] ConfigService - Initial Board object
[21:14:25.831] [INFO ] [main] ConfigService - run program
[21:14:25.835] [INFO ] [main] ConfigService - Initial Board object
[21:14:29.416] [ERROR] [main] Coordinate - X coordinate must be between 1 and 8, get 49
[21:15:06.716] [INFO ] [main] ConfigService - run program
[21:15:06.718] [INFO ] [main] ConfigService - Initial Board object
[21:15:08.013] [ERROR] [main] Coordinate - X coordinate must be between 1 and 8, get 1
[21:17:37.742] [INFO ] [main] ConfigService - run program
[21:17:37.744] [INFO ] [main] ConfigService - Initial Board object
[21:17:38.481] [INFO ] [main] ConfigService - run program
[21:17:38.483] [INFO ] [main] ConfigService - Initial Board object
[21:17:45.983] [ERROR] [main] ValidateCoordinate - X coordinate must be between 1 and 8, got q
[21:23:17.124] [INFO ] [main] ConfigService - run program
[21:23:17.126] [INFO ] [main] ConfigService - Initial Board object
[21:23:18.941] [ERROR] [main] ValidateCoordinate - X coordinate must be between 1 and 8, got 0
[21:23:50.521] [INFO ] [main] ConfigService - run program
[21:23:50.523] [INFO ] [main] ConfigService - Initial Board object
[21:24:15.074] [INFO ] [main] ConfigService - run program
[21:24:15.077] [INFO ] [main] ConfigService - Initial Board object
[21:27:22.607] [INFO ] [main] ConfigService - run program
[21:27:22.609] [INFO ] [main] ConfigService - Initial Board object
[21:27:50.616] [INFO ] [main] ConfigService - run program
[21:27:50.617] [INFO ] [main] ConfigService - Initial Board object
[21:28:00.921] [INFO ] [main] ConfigService - run program
[21:28:00.922] [INFO ] [main] ConfigService - Initial Board object
[21:28:15.037] [INFO ] [main] ConfigService - run program
[21:28:15.039] [INFO ] [main] ConfigService - Initial Board object
[21:28:30.309] [INFO ] [main] ConfigService - run program
[21:28:30.315] [INFO ] [main] ConfigService - Initial Board object
[21:28:48.910] [INFO ] [main] ConfigService - run program
[21:28:48.911] [INFO ] [main] ConfigService - Initial Board object
[21:29:03.276] [INFO ] [main] ConfigService - run program
[21:29:03.278] [INFO ] [main] ConfigService - Initial Board object
[21:32:17.763] [INFO ] [main] ConfigService - run program
[21:32:17.765] [INFO ] [main] ConfigService - Initial Board object
[09:37:18.390] [INFO ] [main] ConfigService - run program
[09:37:18.391] [INFO ] [main] ConfigService - Initial Board object
[09:43:37.804] [INFO ] [main] ConfigService - run program
[09:43:37.806] [INFO ] [main] ConfigService - Initial Board object
[09:54:42.244] [INFO ] [main] ConfigService - run program
[09:54:42.246] [INFO ] [main] ConfigService - Initial Board object
[09:58:50.735] [INFO ] [main] ConfigService - run program
[09:58:50.737] [INFO ] [main] ConfigService - Initial Board object
[10:05:45.157] [INFO ] [main] ConfigService - run program
[10:05:45.159] [INFO ] [main] ConfigService - Initial Board object
[11:35:43.046] [INFO ] [main] ConfigService - run program
[11:35:43.048] [INFO ] [main] ConfigService - Initial Board object
[11:44:36.708] [INFO ] [main] ConfigService - run program
[11:44:36.710] [INFO ] [main] ConfigService - Initial Board object
[11:44:52.677] [INFO ] [main] ConfigService - run program
[11:44:52.678] [INFO ] [main] ConfigService - Initial Board object
[11:45:46.007] [INFO ] [main] ConfigService - run program
[11:45:46.009] [INFO ] [main] ConfigService - Initial Board object
[11:46:21.991] [INFO ] [main] ConfigService - run program
[11:46:21.993] [INFO ] [main] ConfigService - Initial Board object
[11:51:24.249] [INFO ] [main] ConfigService - run program
[11:51:24.251] [INFO ] [main] ConfigService - Initial Board object
[11:51:39.255] [INFO ] [main] ConfigService - run program
[11:51:39.257] [INFO ] [main] ConfigService - Initial Board object
[11:52:24.400] [INFO ] [main] ConfigService - run program
[11:52:24.402] [INFO ] [main] ConfigService - Initial Board object
[11:53:03.312] [INFO ] [main] ConfigService - run program
[11:53:03.314] [INFO ] [main] ConfigService - Initial Board object
[11:54:05.394] [INFO ] [main] ConfigService - run program
[11:54:05.396] [INFO ] [main] ConfigService - Initial Board object
[11:55:25.212] [INFO ] [main] ConfigService - run program
[11:55:25.215] [INFO ] [main] ConfigService - Initial Board object
[11:55:57.278] [INFO ] [main] ConfigService - run program
[11:55:57.280] [INFO ] [main] ConfigService - Initial Board object
[11:58:54.906] [INFO ] [main] ConfigService - run program
[11:58:54.908] [INFO ] [main] ConfigService - Initial Board object
[11:59:18.316] [INFO ] [main] ConfigService - run program
[11:59:18.318] [INFO ] [main] ConfigService - Initial Board object
[11:59:53.231] [INFO ] [main] ConfigService - run program
[11:59:53.233] [INFO ] [main] ConfigService - Initial Board object
[12:00:35.740] [INFO ] [main] ConfigService - run program
[12:00:35.742] [INFO ] [main] ConfigService - Initial Board object
[12:02:48.514] [INFO ] [main] ConfigService - run program
[12:02:48.516] [INFO ] [main] ConfigService - Initial Board object
[12:04:26.279] [INFO ] [main] ConfigService - run program
[12:04:26.281] [INFO ] [main] ConfigService - Initial Board object
[12:05:07.151] [INFO ] [main] ConfigService - run program
[12:05:07.154] [INFO ] [main] ConfigService - Initial Board object
[12:05:46.949] [INFO ] [main] ConfigService - run program
[12:05:46.951] [INFO ] [main] ConfigService - Initial Board object
[12:06:21.116] [INFO ] [main] ConfigService - run program
[12:06:21.118] [INFO ] [main] ConfigService - Initial Board object
[12:07:14.826] [INFO ] [main] ConfigService - run program
[12:07:14.828] [INFO ] [main] ConfigService - Initial Board object
[12:07:36.027] [INFO ] [main] ConfigService - run program
[12:07:36.030] [INFO ] [main] ConfigService - Initial Board object
[12:08:11.916] [INFO ] [main] ConfigService - run program
[12:08:11.917] [INFO ] [main] ConfigService - Initial Board object
[12:09:30.114] [INFO ] [main] ConfigService - run program
[12:09:30.116] [INFO ] [main] ConfigService - Initial Board object
[12:10:14.960] [INFO ] [main] ConfigService - run program
[12:10:14.962] [INFO ] [main] ConfigService - Initial Board object
[12:12:50.855] [INFO ] [main] ConfigService - run program
[12:12:50.857] [INFO ] [main] ConfigService - Initial Board object
[12:15:50.778] [INFO ] [main] ConfigService - run program
[12:15:50.780] [INFO ] [main] ConfigService - Initial Board object
[12:16:47.554] [INFO ] [main] ConfigService - run program
[12:16:47.557] [INFO ] [main] ConfigService - Initial Board object
[12:18:55.014] [INFO ] [main] ConfigService - run program
[12:18:55.017] [INFO ] [main] ConfigService - Initial Board object
[12:22:06.992] [INFO ] [main] ConfigService - run program
[12:22:06.995] [INFO ] [main] ConfigService - Initial Board object
[12:34:29.519] [INFO ] [main] ConfigService - run program
[12:34:29.521] [INFO ] [main] ConfigService - Initial Board object
[12:38:17.391] [INFO ] [main] ConfigService - run program
[12:38:17.393] [INFO ] [main] ConfigService - Initial Board object
[12:40:09.982] [INFO ] [main] ConfigService - run program
[12:40:09.984] [INFO ] [main] ConfigService - Initial Board object
[12:41:16.024] [INFO ] [main] ConfigService - run program
[12:41:16.026] [INFO ] [main] ConfigService - Initial Board object
[12:42:02.809] [INFO ] [main] ConfigService - run program
[12:42:02.811] [INFO ] [main] ConfigService - Initial Board object
[12:42:35.479] [INFO ] [main] ConfigService - run program
[12:42:35.482] [INFO ] [main] ConfigService - Initial Board object
[12:44:00.422] [INFO ] [main] ConfigService - run program
[12:44:00.425] [INFO ] [main] ConfigService - Initial Board object
[12:44:44.445] [INFO ] [main] ConfigService - run program
[12:44:44.449] [INFO ] [main] ConfigService - Initial Board object
[12:45:31.774] [INFO ] [main] ConfigService - run program
[12:45:31.776] [INFO ] [main] ConfigService - Initial Board object
[12:49:01.970] [INFO ] [main] ConfigService - run program
[12:49:01.973] [INFO ] [main] ConfigService - Initial Board object
[12:49:49.972] [INFO ] [main] ConfigService - run program
[12:49:49.975] [INFO ] [main] ConfigService - Initial Board object
[12:52:11.953] [INFO ] [main] ConfigService - run program
[12:52:11.956] [INFO ] [main] ConfigService - Initial Board object
[12:52:51.401] [INFO ] [main] ConfigService - run program
[12:52:51.404] [INFO ] [main] ConfigService - Initial Board object
[12:54:04.343] [INFO ] [main] ConfigService - run program
[12:54:04.346] [INFO ] [main] ConfigService - Initial Board object
[12:56:09.118] [INFO ] [main] ConfigService - run program
[12:56:09.121] [INFO ] [main] ConfigService - Initial Board object
[12:58:06.493] [INFO ] [main] ConfigService - run program
[12:58:06.498] [INFO ] [main] ConfigService - Initial Board object
[12:58:37.568] [INFO ] [main] ConfigService - run program
[12:58:37.571] [INFO ] [main] ConfigService - Initial Board object
[12:58:59.591] [INFO ] [main] ConfigService - run program
[12:58:59.594] [INFO ] [main] ConfigService - Initial Board object
[12:59:13.097] [INFO ] [main] ConfigService - run program
[12:59:13.099] [INFO ] [main] ConfigService - Initial Board object
[12:59:42.913] [INFO ] [main] ConfigService - run program
[12:59:42.915] [INFO ] [main] ConfigService - Initial Board object
[13:00:27.628] [INFO ] [main] ConfigService - run program
[13:00:27.631] [INFO ] [main] ConfigService - Initial Board object
[13:01:51.000] [INFO ] [main] ConfigService - run program
[13:01:51.003] [INFO ] [main] ConfigService - Initial Board object
[13:02:17.017] [INFO ] [main] ConfigService - run program
[13:02:17.019] [INFO ] [main] ConfigService - Initial Board object
[13:02:51.801] [INFO ] [main] ConfigService - run program
[13:02:51.804] [INFO ] [main] ConfigService - Initial Board object
[13:03:21.063] [INFO ] [main] ConfigService - run program
[13:03:21.066] [INFO ] [main] ConfigService - Initial Board object
[13:03:46.857] [INFO ] [main] ConfigService - run program
[13:03:46.860] [INFO ] [main] ConfigService - Initial Board object
[13:06:30.513] [INFO ] [main] ConfigService - run program
[13:06:30.516] [INFO ] [main] ConfigService - Initial Board object
[13:07:32.069] [INFO ] [main] ConfigService - run program
[13:07:32.072] [INFO ] [main] ConfigService - Initial Board object
[13:19:08.670] [INFO ] [main] ConfigService - run program
[13:19:08.675] [INFO ] [main] ConfigService - Initial Board object
[13:19:45.576] [INFO ] [main] ConfigService - run program
[13:19:45.579] [INFO ] [main] ConfigService - Initial Board object
[13:38:27.441] [INFO ] [main] ConfigService - run program
[13:38:27.443] [INFO ] [main] ConfigService - Initial Board object
[13:40:30.778] [INFO ] [main] ConfigService - run program
[13:40:30.781] [INFO ] [main] ConfigService - Initial Board object
[13:40:39.862] [INFO ] [main] ConfigService - run program
[13:40:39.864] [INFO ] [main] ConfigService - Initial Board object
[13:48:46.247] [INFO ] [main] ConfigService - run program
[13:48:46.249] [INFO ] [main] ConfigService - Initial Board object
